<?xml version="1.0" encoding="UTF-8"?>
<testng-results ignored="0" total="1" passed="1" failed="0" skipped="0">
  <reporter-output>
    <line>
      <![CDATA[Test is Successful]]>
    </line>
  </reporter-output>
  <suite started-at="2024-11-17T17:31:18 IST" name="com.XrayJira.Tests" finished-at="2024-11-17T17:31:33 IST" duration-ms="15455">
    <groups>
    </groups>
    <test started-at="2024-11-17T17:31:18 IST" name="MyTest" finished-at="2024-11-17T17:31:33 IST" duration-ms="15455">
      <class name="com.XrayJira.Tests.PracticeWindowHandlesTest">
        <test-method is-config="true" signature="setUp()[pri:0, instance:com.XrayJira.Tests.PracticeWindowHandlesTest@21e360a]" started-at="2024-11-17T17:31:18 IST" name="setUp" finished-at="2024-11-17T17:31:24 IST" duration-ms="6617" status="PASS">
          <reporter-output>
          </reporter-output>
        </test-method> <!-- setUp -->
        <test-method signature="getWindowHandles()[pri:0, instance:com.XrayJira.Tests.PracticeWindowHandlesTest@21e360a]" started-at="2024-11-17T17:31:24 IST" name="getWindowHandles" finished-at="2024-11-17T17:31:33 IST" duration-ms="8812" status="PASS">
          <reporter-output>
            <line>
              <![CDATA[Test is Successful]]>
            </line>
          </reporter-output>
        </test-method> <!-- getWindowHandles -->
      </class> <!-- com.XrayJira.Tests.PracticeWindowHandlesTest -->
    </test> <!-- MyTest -->
  </suite> <!-- com.XrayJira.Tests -->
</testng-results>
