<?xml version="1.0" encoding="UTF-8"?>
<testng-results ignored="0" total="1" passed="1" failed="0" skipped="0">
  <reporter-output>
    <line>
      <![CDATA[Test is Successful]]>
    </line>
  </reporter-output>
  <suite started-at="2024-11-16T12:30:04 IST" name="Default suite" finished-at="2024-11-16T12:30:17 IST" duration-ms="13371">
    <groups>
    </groups>
    <test started-at="2024-11-16T12:30:04 IST" name="Default test" finished-at="2024-11-16T12:30:17 IST" duration-ms="13371">
      <class name="seleniumPractice.PracticeWindowHandles">
        <test-method is-config="true" signature="setUp()[pri:0, instance:seleniumPractice.PracticeWindowHandles@72035809]" started-at="2024-11-16T12:30:04 IST" name="setUp" finished-at="2024-11-16T12:30:11 IST" duration-ms="6943" status="PASS">
          <reporter-output>
          </reporter-output>
        </test-method> <!-- setUp -->
        <test-method signature="getWindowHandles()[pri:0, instance:seleniumPractice.PracticeWindowHandles@72035809]" started-at="2024-11-16T12:30:11 IST" name="getWindowHandles" finished-at="2024-11-16T12:30:17 IST" duration-ms="6390" status="PASS">
          <reporter-output>
            <line>
              <![CDATA[Test is Successful]]>
            </line>
          </reporter-output>
        </test-method> <!-- getWindowHandles -->
      </class> <!-- seleniumPractice.PracticeWindowHandles -->
    </test> <!-- Default test -->
  </suite> <!-- Default suite -->
</testng-results>
